<?xml version="1.0" encoding="UTF-8"?>
<!-- Generated by org.testng.reporters.JUnitXMLReporter -->
<testsuite hostname="BLRW3022661" ignored="0" name="AppSccript Regression Suite 1" tests="28" failures="0" timestamp="22 Jan 2018 08:57:54 GMT" time="0.305" errors="0">
  <testcase name="@BeforeClass ApplicationLogin" time="0.172" classname="appscriptAutomationTest.TestcaseTrigger">
    <failure type="org.openqa.selenium.WebDriverException" message="Cannot find firefox binary in PATH. Make sure firefox is installed. OS appears to be: VISTA
Build info: version: &amp;apos;unknown&amp;apos;, revision: &amp;apos;unknown&amp;apos;, time: &amp;apos;unknown&amp;apos;
System info: host: &amp;apos;BLRW3022661&amp;apos;, ip: &amp;apos;10.205.51.88&amp;apos;, os.name: &amp;apos;Windows 7&amp;apos;, os.arch: &amp;apos;amd64&amp;apos;, os.version: &amp;apos;6.1&amp;apos;, java.version: &amp;apos;1.8.0_144&amp;apos;
Driver info: driver.version: FirefoxDriver">
      <![CDATA[org.openqa.selenium.WebDriverException: Cannot find firefox binary in PATH. Make sure firefox is installed. OS appears to be: VISTABuild info: version: 'unknown', revision: 'unknown', time: 'unknown'System info: host: 'BLRW3022661', ip: '10.205.51.88', os.name: 'Windows 7', os.arch: 'amd64', os.version: '6.1', java.version: '1.8.0_144'Driver info: driver.version: FirefoxDriverat org.openqa.selenium.firefox.FirefoxBinary.<init>(FirefoxBinary.java:115)at java.util.Optional.orElseGet(Unknown Source)at org.openqa.selenium.firefox.FirefoxDriver.toExecutor(FirefoxDriver.java:204)at org.openqa.selenium.firefox.FirefoxDriver.<init>(FirefoxDriver.java:108)at org.openqa.selenium.firefox.FirefoxDriver.<init>(FirefoxDriver.java:137)at appscriptAutomationTest.TestcaseTrigger.ApplicationLogin(TestcaseTrigger.java:135)... Removed 26 stack frames]]>
    </failure>
  </testcase> <!-- @BeforeClass ApplicationLogin -->
  <testcase name="@AfterClass ReportFlush" time="0.0" classname="appscriptAutomationTest.TestcaseTrigger">
    <skipped/>
  </testcase> <!-- @AfterClass ReportFlush -->
  <testcase name="verifyLogin" time="0.0" classname="appscriptAutomationTest.TestcaseTrigger">
    <skipped/>
  </testcase> <!-- verifyLogin -->
  <testcase name="verifyDefaulttab" time="0.0" classname="appscriptAutomationTest.TestcaseTrigger">
    <skipped/>
  </testcase> <!-- verifyDefaulttab -->
  <testcase name="verifyAllTabsPresence" time="0.0" classname="appscriptAutomationTest.TestcaseTrigger">
    <skipped/>
  </testcase> <!-- verifyAllTabsPresence -->
  <testcase name="verifyPrice_free" time="0.0" classname="appscriptAutomationTest.TestcaseTrigger">
    <skipped/>
  </testcase> <!-- verifyPrice_free -->
  <testcase name="verifyPrice_freemium" time="0.0" classname="appscriptAutomationTest.TestcaseTrigger">
    <skipped/>
  </testcase> <!-- verifyPrice_freemium -->
  <testcase name="verifyPrice_paid" time="0.0" classname="appscriptAutomationTest.TestcaseTrigger">
    <skipped/>
  </testcase> <!-- verifyPrice_paid -->
  <testcase name="verifyPlatform_Apple" time="0.0" classname="appscriptAutomationTest.TestcaseTrigger">
    <skipped/>
  </testcase> <!-- verifyPlatform_Apple -->
  <testcase name="verifyPlatform_Android" time="0.0" classname="appscriptAutomationTest.TestcaseTrigger">
    <skipped/>
  </testcase> <!-- verifyPlatform_Android -->
  <testcase name="verifycategory_apps" time="0.0" classname="appscriptAutomationTest.TestcaseTrigger">
    <skipped/>
  </testcase> <!-- verifycategory_apps -->
  <testcase name="verifyDevices" time="0.0" classname="appscriptAutomationTest.TestcaseTrigger">
    <skipped/>
  </testcase> <!-- verifyDevices -->
  <testcase name="verifyCategory_devices" time="0.0" classname="appscriptAutomationTest.TestcaseTrigger">
    <skipped/>
  </testcase> <!-- verifyCategory_devices -->
  <testcase name="verifyPriceRange" time="0.0" classname="appscriptAutomationTest.TestcaseTrigger">
    <skipped/>
  </testcase> <!-- verifyPriceRange -->
  <testcase name="verifyDigitalContent" time="0.0" classname="appscriptAutomationTest.TestcaseTrigger">
    <skipped/>
  </testcase> <!-- verifyDigitalContent -->
  <testcase name="verifyCategory_DigitalContent" time="0.0" classname="appscriptAutomationTest.TestcaseTrigger">
    <skipped/>
  </testcase> <!-- verifyCategory_DigitalContent -->
  <testcase name="verifymypateintspage" time="0.0" classname="appscriptAutomationTest.TestcaseTrigger">
    <skipped/>
  </testcase> <!-- verifymypateintspage -->
  <testcase name="verify_viewall_formulary_DigitalContent" time="0.0" classname="appscriptAutomationTest.TestcaseTrigger">
    <skipped/>
  </testcase> <!-- verify_viewall_formulary_DigitalContent -->
  <testcase name="verify_viewall_formulary_Devices" time="0.0" classname="appscriptAutomationTest.TestcaseTrigger">
    <skipped/>
  </testcase> <!-- verify_viewall_formulary_Devices -->
  <testcase name="verify_viewall_formulary_Apps" time="0.0" classname="appscriptAutomationTest.TestcaseTrigger">
    <skipped/>
  </testcase> <!-- verify_viewall_formulary_Apps -->
  <testcase name="search_devices" time="0.0" classname="appscriptAutomationTest.TestcaseTrigger">
    <skipped/>
  </testcase> <!-- search_devices -->
  <testcase name="search_digitalcontent" time="0.0" classname="appscriptAutomationTest.TestcaseTrigger">
    <skipped/>
  </testcase> <!-- search_digitalcontent -->
  <testcase name="search_Apps" time="0.0" classname="appscriptAutomationTest.TestcaseTrigger">
    <skipped/>
  </testcase> <!-- search_Apps -->
  <testcase name="AddRemoveFavoriteApps" time="0.0" classname="appscriptAutomationTest.TestcaseTrigger">
    <skipped/>
  </testcase> <!-- AddRemoveFavoriteApps -->
  <testcase name="AddRemoveFavoriteDevices" time="0.0" classname="appscriptAutomationTest.TestcaseTrigger">
    <skipped/>
  </testcase> <!-- AddRemoveFavoriteDevices -->
  <testcase name="AddRemoveFavoriteDigitalContent" time="0.0" classname="appscriptAutomationTest.TestcaseTrigger">
    <skipped/>
  </testcase> <!-- AddRemoveFavoriteDigitalContent -->
  <testcase name="VerifyAppheaders" time="0.0" classname="appscriptAutomationTest.TestcaseTrigger">
    <skipped/>
  </testcase> <!-- VerifyAppheaders -->
  <testcase name="VerifyDeviceheaders" time="0.0" classname="appscriptAutomationTest.TestcaseTrigger">
    <skipped/>
  </testcase> <!-- VerifyDeviceheaders -->
  <testcase name="VerifyDigitalheaders" time="0.0" classname="appscriptAutomationTest.TestcaseTrigger">
    <skipped/>
  </testcase> <!-- VerifyDigitalheaders -->
  <testcase name="VerifyLogout" time="0.0" classname="appscriptAutomationTest.TestcaseTrigger">
    <skipped/>
  </testcase> <!-- VerifyLogout -->
</testsuite> <!-- AppSccript Regression Suite 1 -->
