<?xml version="1.0" encoding="UTF-8"?>
<!-- Generated by org.testng.reporters.JUnitXMLReporter -->
<testsuite hostname="BLRW3004071" ignored="0" name="AppSccript Smoke Test" tests="1" failures="1" timestamp="13 Sep 2017 05:59:51 GMT" time="0.289" errors="0">
  <testcase name="AddToCart" time="0.094" classname="com.cart.Appscript_Cart">
    <failure type="java.lang.NullPointerException">
      <![CDATA[java.lang.NullPointerException
	at com.google.common.base.Preconditions.checkNotNull(Preconditions.java:770)
	at org.openqa.selenium.support.ui.FluentWait.<init>(FluentWait.java:96)
	at org.openqa.selenium.support.ui.WebDriverWait.<init>(WebDriverWait.java:71)
	at org.openqa.selenium.support.ui.WebDriverWait.<init>(WebDriverWait.java:45)
	at com.AppScript.generic.ApplicationUtility.AppScript_Login(ApplicationUtility.java:71)
	at com.cart.Appscript_Cart.AddToCart(Appscript_Cart.java:28)
... Removed 25 stack frames]]>
    </failure>
  </testcase> <!-- AddToCart -->
</testsuite> <!-- AppSccript Smoke Test -->
